<?xml version="1.0" encoding="UTF-8"?>
<testng-results ignored="0" total="1" passed="1" failed="0" skipped="0">
  <reporter-output>
  </reporter-output>
  <suite started-at="2019-03-24T14:33:19Z" name="Suite" finished-at="2019-03-24T14:34:02Z" duration-ms="42534">
    <groups>
    </groups>
    <test started-at="2019-03-24T14:33:19Z" name="Test" finished-at="2019-03-24T14:34:02Z" duration-ms="42534">
      <class name="com.nopCommerceV1.testCases.TC_LoginTest_001">
        <test-method is-config="true" signature="setup(java.lang.String)[pri:0, instance:com.nopCommerceV1.testCases.TC_LoginTest_001@6f45df59]" started-at="2019-03-24T14:33:20Z" name="setup" finished-at="2019-03-24T14:33:24Z" duration-ms="4370" status="PASS">
          <params>
            <param index="0">
              <value>
                <![CDATA[Chrome]]>
              </value>
            </param>
          </params>
          <reporter-output>
          </reporter-output>
        </test-method> <!-- setup -->
        <test-method signature="loginTest()[pri:0, instance:com.nopCommerceV1.testCases.TC_LoginTest_001@6f45df59]" started-at="2019-03-24T14:33:24Z" name="loginTest" finished-at="2019-03-24T14:33:59Z" duration-ms="34971" status="PASS">
          <reporter-output>
          </reporter-output>
        </test-method> <!-- loginTest -->
        <test-method is-config="true" signature="tearDown()[pri:0, instance:com.nopCommerceV1.testCases.TC_LoginTest_001@6f45df59]" started-at="2019-03-24T14:33:59Z" name="tearDown" finished-at="2019-03-24T14:34:02Z" duration-ms="2936" status="PASS">
          <reporter-output>
          </reporter-output>
        </test-method> <!-- tearDown -->
      </class> <!-- com.nopCommerceV1.testCases.TC_LoginTest_001 -->
    </test> <!-- Test -->
  </suite> <!-- Suite -->
</testng-results>
